<?xml version="1.0" encoding="UTF-8"?>
<testsuite xmlns:xsi="http://www.w3.org/2001/XMLSchema-instance" xsi:noNamespaceSchemaLocation="https://maven.apache.org/surefire/maven-surefire-plugin/xsd/surefire-test-report.xsd" name="org.wit.controllers.MeasurementTrackerAPITest" time="20.549" tests="14" errors="6" skipped="0" failures="5">
  <properties>
    <property name="java.specification.version" value="16"/>
    <property name="sun.cpu.isalist" value="amd64"/>
    <property name="sun.jnu.encoding" value="Cp1252"/>
    <property name="java.class.path" value="D:\MSC_COMPUTING\AGILE SOFTWARE DEVELOPEMENT\Health-Tracker-App\target\test-classes;D:\MSC_COMPUTING\AGILE SOFTWARE DEVELOPEMENT\Health-Tracker-App\target\classes;C:\Users\HP\.m2\repository\io\github\microutils\kotlin-logging\1.12.5\kotlin-logging-1.12.5.jar;C:\Users\HP\.m2\repository\org\jetbrains\exposed\exposed\0.11.2\exposed-0.11.2.jar;C:\Users\HP\.m2\repository\org\jetbrains\kotlin\kotlin-reflect\1.3.0\kotlin-reflect-1.3.0.jar;C:\Users\HP\.m2\repository\joda-time\joda-time\2.9.9\joda-time-2.9.9.jar;C:\Users\HP\.m2\repository\org\postgresql\postgresql\42.2.2\postgresql-42.2.2.jar;C:\Users\HP\.m2\repository\org\jetbrains\kotlin\kotlin-stdlib\1.3.72\kotlin-stdlib-1.3.72.jar;C:\Users\HP\.m2\repository\org\jetbrains\kotlin\kotlin-stdlib-common\1.3.72\kotlin-stdlib-common-1.3.72.jar;C:\Users\HP\.m2\repository\org\jetbrains\annotations\13.0\annotations-13.0.jar;C:\Users\HP\.m2\repository\org\jetbrains\kotlin\kotlin-test-junit\1.3.72\kotlin-test-junit-1.3.72.jar;C:\Users\HP\.m2\repository\org\jetbrains\kotlin\kotlin-test-annotations-common\1.3.72\kotlin-test-annotations-common-1.3.72.jar;C:\Users\HP\.m2\repository\org\jetbrains\kotlin\kotlin-test\1.3.72\kotlin-test-1.3.72.jar;C:\Users\HP\.m2\repository\org\jetbrains\kotlin\kotlin-test-common\1.3.72\kotlin-test-common-1.3.72.jar;C:\Users\HP\.m2\repository\junit\junit\4.12\junit-4.12.jar;C:\Users\HP\.m2\repository\org\hamcrest\hamcrest-core\1.3\hamcrest-core-1.3.jar;C:\Users\HP\.m2\repository\org\junit\jupiter\junit-jupiter-engine\5.5.2\junit-jupiter-engine-5.5.2.jar;C:\Users\HP\.m2\repository\org\apiguardian\apiguardian-api\1.1.0\apiguardian-api-1.1.0.jar;C:\Users\HP\.m2\repository\org\junit\platform\junit-platform-engine\1.5.2\junit-platform-engine-1.5.2.jar;C:\Users\HP\.m2\repository\org\opentest4j\opentest4j\1.2.0\opentest4j-1.2.0.jar;C:\Users\HP\.m2\repository\org\junit\platform\junit-platform-commons\1.5.2\junit-platform-commons-1.5.2.jar;C:\Users\HP\.m2\repository\org\junit\jupiter\junit-jupiter-api\5.5.2\junit-jupiter-api-5.5.2.jar;C:\Users\HP\.m2\repository\org\junit\platform\junit-platform-runner\1.5.2\junit-platform-runner-1.5.2.jar;C:\Users\HP\.m2\repository\org\junit\platform\junit-platform-launcher\1.5.2\junit-platform-launcher-1.5.2.jar;C:\Users\HP\.m2\repository\org\junit\platform\junit-platform-suite-api\1.5.2\junit-platform-suite-api-1.5.2.jar;C:\Users\HP\.m2\repository\io\javalin\javalin\3.7.0\javalin-3.7.0.jar;C:\Users\HP\.m2\repository\org\jetbrains\kotlin\kotlin-stdlib-jdk8\1.3.61\kotlin-stdlib-jdk8-1.3.61.jar;C:\Users\HP\.m2\repository\org\jetbrains\kotlin\kotlin-stdlib-jdk7\1.3.61\kotlin-stdlib-jdk7-1.3.61.jar;C:\Users\HP\.m2\repository\org\eclipse\jetty\jetty-server\9.4.25.v20191220\jetty-server-9.4.25.v20191220.jar;C:\Users\HP\.m2\repository\javax\servlet\javax.servlet-api\3.1.0\javax.servlet-api-3.1.0.jar;C:\Users\HP\.m2\repository\org\eclipse\jetty\jetty-http\9.4.25.v20191220\jetty-http-9.4.25.v20191220.jar;C:\Users\HP\.m2\repository\org\eclipse\jetty\jetty-util\9.4.25.v20191220\jetty-util-9.4.25.v20191220.jar;C:\Users\HP\.m2\repository\org\eclipse\jetty\jetty-io\9.4.25.v20191220\jetty-io-9.4.25.v20191220.jar;C:\Users\HP\.m2\repository\org\eclipse\jetty\jetty-webapp\9.4.25.v20191220\jetty-webapp-9.4.25.v20191220.jar;C:\Users\HP\.m2\repository\org\eclipse\jetty\jetty-xml\9.4.25.v20191220\jetty-xml-9.4.25.v20191220.jar;C:\Users\HP\.m2\repository\org\eclipse\jetty\jetty-servlet\9.4.25.v20191220\jetty-servlet-9.4.25.v20191220.jar;C:\Users\HP\.m2\repository\org\eclipse\jetty\jetty-security\9.4.25.v20191220\jetty-security-9.4.25.v20191220.jar;C:\Users\HP\.m2\repository\org\eclipse\jetty\websocket\websocket-server\9.4.25.v20191220\websocket-server-9.4.25.v20191220.jar;C:\Users\HP\.m2\repository\org\eclipse\jetty\websocket\websocket-common\9.4.25.v20191220\websocket-common-9.4.25.v20191220.jar;C:\Users\HP\.m2\repository\org\eclipse\jetty\websocket\websocket-api\9.4.25.v20191220\websocket-api-9.4.25.v20191220.jar;C:\Users\HP\.m2\repository\org\eclipse\jetty\websocket\websocket-client\9.4.25.v20191220\websocket-client-9.4.25.v20191220.jar;C:\Users\HP\.m2\repository\org\eclipse\jetty\jetty-client\9.4.25.v20191220\jetty-client-9.4.25.v20191220.jar;C:\Users\HP\.m2\repository\org\eclipse\jetty\websocket\websocket-servlet\9.4.25.v20191220\websocket-servlet-9.4.25.v20191220.jar;C:\Users\HP\.m2\repository\org\slf4j\slf4j-api\1.8.0-beta4\slf4j-api-1.8.0-beta4.jar;C:\Users\HP\.m2\repository\org\slf4j\slf4j-simple\1.8.0-beta4\slf4j-simple-1.8.0-beta4.jar;C:\Users\HP\.m2\repository\com\fasterxml\jackson\core\jackson-databind\2.10.1\jackson-databind-2.10.1.jar;C:\Users\HP\.m2\repository\com\fasterxml\jackson\core\jackson-annotations\2.10.1\jackson-annotations-2.10.1.jar;C:\Users\HP\.m2\repository\com\fasterxml\jackson\core\jackson-core\2.10.1\jackson-core-2.10.1.jar;C:\Users\HP\.m2\repository\com\fasterxml\jackson\module\jackson-module-kotlin\2.9.4.1\jackson-module-kotlin-2.9.4.1.jar;C:\Users\HP\.m2\repository\com\h2database\h2\1.4.197\h2-1.4.197.jar;C:\Users\HP\.m2\repository\com\fasterxml\jackson\datatype\jackson-datatype-joda\2.8.7\jackson-datatype-joda-2.8.7.jar;C:\Users\HP\.m2\repository\com\konghq\unirest-java\3.7.02\unirest-java-3.7.02.jar;C:\Users\HP\.m2\repository\org\apache\httpcomponents\httpclient\4.5.11\httpclient-4.5.11.jar;C:\Users\HP\.m2\repository\org\apache\httpcomponents\httpcore\4.4.13\httpcore-4.4.13.jar;C:\Users\HP\.m2\repository\commons-logging\commons-logging\1.2\commons-logging-1.2.jar;C:\Users\HP\.m2\repository\commons-codec\commons-codec\1.11\commons-codec-1.11.jar;C:\Users\HP\.m2\repository\org\apache\httpcomponents\httpmime\4.5.11\httpmime-4.5.11.jar;C:\Users\HP\.m2\repository\org\apache\httpcomponents\httpcore-nio\4.4.13\httpcore-nio-4.4.13.jar;C:\Users\HP\.m2\repository\org\apache\httpcomponents\httpasyncclient\4.1.4\httpasyncclient-4.1.4.jar;C:\Users\HP\.m2\repository\com\google\code\gson\gson\2.8.6\gson-2.8.6.jar;C:\Users\HP\.m2\repository\org\assertj\assertj-core\3.11.1\assertj-core-3.11.1.jar;C:\Users\HP\.m2\repository\org\webjars\npm\vue\2.6.10\vue-2.6.10.jar;C:\Users\HP\.m2\repository\org\webjars\npm\axios\0.19.2\axios-0.19.2.jar;C:\Users\HP\.m2\repository\org\webjars\npm\follow-redirects\1.5.10\follow-redirects-1.5.10.jar;C:\Users\HP\.m2\repository\org\webjars\npm\debug\3.1.0\debug-3.1.0.jar;C:\Users\HP\.m2\repository\org\webjars\npm\ms\2.0.0\ms-2.0.0.jar;"/>
    <property name="java.vm.vendor" value="Oracle Corporation"/>
    <property name="sun.arch.data.model" value="64"/>
    <property name="user.variant" value=""/>
    <property name="java.vendor.url" value="https://java.oracle.com/"/>
    <property name="user.timezone" value="Asia/Calcutta"/>
    <property name="os.name" value="Windows 10"/>
    <property name="java.vm.specification.version" value="16"/>
    <property name="sun.java.launcher" value="SUN_STANDARD"/>
    <property name="user.country" value="IN"/>
    <property name="sun.boot.library.path" value="C:\Program Files\Java\jdk-16.0.2\bin"/>
    <property name="sun.java.command" value="C:\Users\HP\AppData\Local\Temp\surefire4736122691557912724\surefirebooter3446300276621293961.jar C:\Users\HP\AppData\Local\Temp\surefire4736122691557912724 2021-12-22T19-05-28_861-jvmRun1 surefire12197317472803483927tmp surefire_29659965490825713243tmp"/>
    <property name="jdk.debug" value="release"/>
    <property name="surefire.test.class.path" value="D:\MSC_COMPUTING\AGILE SOFTWARE DEVELOPEMENT\Health-Tracker-App\target\test-classes;D:\MSC_COMPUTING\AGILE SOFTWARE DEVELOPEMENT\Health-Tracker-App\target\classes;C:\Users\HP\.m2\repository\io\github\microutils\kotlin-logging\1.12.5\kotlin-logging-1.12.5.jar;C:\Users\HP\.m2\repository\org\jetbrains\exposed\exposed\0.11.2\exposed-0.11.2.jar;C:\Users\HP\.m2\repository\org\jetbrains\kotlin\kotlin-reflect\1.3.0\kotlin-reflect-1.3.0.jar;C:\Users\HP\.m2\repository\joda-time\joda-time\2.9.9\joda-time-2.9.9.jar;C:\Users\HP\.m2\repository\org\postgresql\postgresql\42.2.2\postgresql-42.2.2.jar;C:\Users\HP\.m2\repository\org\jetbrains\kotlin\kotlin-stdlib\1.3.72\kotlin-stdlib-1.3.72.jar;C:\Users\HP\.m2\repository\org\jetbrains\kotlin\kotlin-stdlib-common\1.3.72\kotlin-stdlib-common-1.3.72.jar;C:\Users\HP\.m2\repository\org\jetbrains\annotations\13.0\annotations-13.0.jar;C:\Users\HP\.m2\repository\org\jetbrains\kotlin\kotlin-test-junit\1.3.72\kotlin-test-junit-1.3.72.jar;C:\Users\HP\.m2\repository\org\jetbrains\kotlin\kotlin-test-annotations-common\1.3.72\kotlin-test-annotations-common-1.3.72.jar;C:\Users\HP\.m2\repository\org\jetbrains\kotlin\kotlin-test\1.3.72\kotlin-test-1.3.72.jar;C:\Users\HP\.m2\repository\org\jetbrains\kotlin\kotlin-test-common\1.3.72\kotlin-test-common-1.3.72.jar;C:\Users\HP\.m2\repository\junit\junit\4.12\junit-4.12.jar;C:\Users\HP\.m2\repository\org\hamcrest\hamcrest-core\1.3\hamcrest-core-1.3.jar;C:\Users\HP\.m2\repository\org\junit\jupiter\junit-jupiter-engine\5.5.2\junit-jupiter-engine-5.5.2.jar;C:\Users\HP\.m2\repository\org\apiguardian\apiguardian-api\1.1.0\apiguardian-api-1.1.0.jar;C:\Users\HP\.m2\repository\org\junit\platform\junit-platform-engine\1.5.2\junit-platform-engine-1.5.2.jar;C:\Users\HP\.m2\repository\org\opentest4j\opentest4j\1.2.0\opentest4j-1.2.0.jar;C:\Users\HP\.m2\repository\org\junit\platform\junit-platform-commons\1.5.2\junit-platform-commons-1.5.2.jar;C:\Users\HP\.m2\repository\org\junit\jupiter\junit-jupiter-api\5.5.2\junit-jupiter-api-5.5.2.jar;C:\Users\HP\.m2\repository\org\junit\platform\junit-platform-runner\1.5.2\junit-platform-runner-1.5.2.jar;C:\Users\HP\.m2\repository\org\junit\platform\junit-platform-launcher\1.5.2\junit-platform-launcher-1.5.2.jar;C:\Users\HP\.m2\repository\org\junit\platform\junit-platform-suite-api\1.5.2\junit-platform-suite-api-1.5.2.jar;C:\Users\HP\.m2\repository\io\javalin\javalin\3.7.0\javalin-3.7.0.jar;C:\Users\HP\.m2\repository\org\jetbrains\kotlin\kotlin-stdlib-jdk8\1.3.61\kotlin-stdlib-jdk8-1.3.61.jar;C:\Users\HP\.m2\repository\org\jetbrains\kotlin\kotlin-stdlib-jdk7\1.3.61\kotlin-stdlib-jdk7-1.3.61.jar;C:\Users\HP\.m2\repository\org\eclipse\jetty\jetty-server\9.4.25.v20191220\jetty-server-9.4.25.v20191220.jar;C:\Users\HP\.m2\repository\javax\servlet\javax.servlet-api\3.1.0\javax.servlet-api-3.1.0.jar;C:\Users\HP\.m2\repository\org\eclipse\jetty\jetty-http\9.4.25.v20191220\jetty-http-9.4.25.v20191220.jar;C:\Users\HP\.m2\repository\org\eclipse\jetty\jetty-util\9.4.25.v20191220\jetty-util-9.4.25.v20191220.jar;C:\Users\HP\.m2\repository\org\eclipse\jetty\jetty-io\9.4.25.v20191220\jetty-io-9.4.25.v20191220.jar;C:\Users\HP\.m2\repository\org\eclipse\jetty\jetty-webapp\9.4.25.v20191220\jetty-webapp-9.4.25.v20191220.jar;C:\Users\HP\.m2\repository\org\eclipse\jetty\jetty-xml\9.4.25.v20191220\jetty-xml-9.4.25.v20191220.jar;C:\Users\HP\.m2\repository\org\eclipse\jetty\jetty-servlet\9.4.25.v20191220\jetty-servlet-9.4.25.v20191220.jar;C:\Users\HP\.m2\repository\org\eclipse\jetty\jetty-security\9.4.25.v20191220\jetty-security-9.4.25.v20191220.jar;C:\Users\HP\.m2\repository\org\eclipse\jetty\websocket\websocket-server\9.4.25.v20191220\websocket-server-9.4.25.v20191220.jar;C:\Users\HP\.m2\repository\org\eclipse\jetty\websocket\websocket-common\9.4.25.v20191220\websocket-common-9.4.25.v20191220.jar;C:\Users\HP\.m2\repository\org\eclipse\jetty\websocket\websocket-api\9.4.25.v20191220\websocket-api-9.4.25.v20191220.jar;C:\Users\HP\.m2\repository\org\eclipse\jetty\websocket\websocket-client\9.4.25.v20191220\websocket-client-9.4.25.v20191220.jar;C:\Users\HP\.m2\repository\org\eclipse\jetty\jetty-client\9.4.25.v20191220\jetty-client-9.4.25.v20191220.jar;C:\Users\HP\.m2\repository\org\eclipse\jetty\websocket\websocket-servlet\9.4.25.v20191220\websocket-servlet-9.4.25.v20191220.jar;C:\Users\HP\.m2\repository\org\slf4j\slf4j-api\1.8.0-beta4\slf4j-api-1.8.0-beta4.jar;C:\Users\HP\.m2\repository\org\slf4j\slf4j-simple\1.8.0-beta4\slf4j-simple-1.8.0-beta4.jar;C:\Users\HP\.m2\repository\com\fasterxml\jackson\core\jackson-databind\2.10.1\jackson-databind-2.10.1.jar;C:\Users\HP\.m2\repository\com\fasterxml\jackson\core\jackson-annotations\2.10.1\jackson-annotations-2.10.1.jar;C:\Users\HP\.m2\repository\com\fasterxml\jackson\core\jackson-core\2.10.1\jackson-core-2.10.1.jar;C:\Users\HP\.m2\repository\com\fasterxml\jackson\module\jackson-module-kotlin\2.9.4.1\jackson-module-kotlin-2.9.4.1.jar;C:\Users\HP\.m2\repository\com\h2database\h2\1.4.197\h2-1.4.197.jar;C:\Users\HP\.m2\repository\com\fasterxml\jackson\datatype\jackson-datatype-joda\2.8.7\jackson-datatype-joda-2.8.7.jar;C:\Users\HP\.m2\repository\com\konghq\unirest-java\3.7.02\unirest-java-3.7.02.jar;C:\Users\HP\.m2\repository\org\apache\httpcomponents\httpclient\4.5.11\httpclient-4.5.11.jar;C:\Users\HP\.m2\repository\org\apache\httpcomponents\httpcore\4.4.13\httpcore-4.4.13.jar;C:\Users\HP\.m2\repository\commons-logging\commons-logging\1.2\commons-logging-1.2.jar;C:\Users\HP\.m2\repository\commons-codec\commons-codec\1.11\commons-codec-1.11.jar;C:\Users\HP\.m2\repository\org\apache\httpcomponents\httpmime\4.5.11\httpmime-4.5.11.jar;C:\Users\HP\.m2\repository\org\apache\httpcomponents\httpcore-nio\4.4.13\httpcore-nio-4.4.13.jar;C:\Users\HP\.m2\repository\org\apache\httpcomponents\httpasyncclient\4.1.4\httpasyncclient-4.1.4.jar;C:\Users\HP\.m2\repository\com\google\code\gson\gson\2.8.6\gson-2.8.6.jar;C:\Users\HP\.m2\repository\org\assertj\assertj-core\3.11.1\assertj-core-3.11.1.jar;C:\Users\HP\.m2\repository\org\webjars\npm\vue\2.6.10\vue-2.6.10.jar;C:\Users\HP\.m2\repository\org\webjars\npm\axios\0.19.2\axios-0.19.2.jar;C:\Users\HP\.m2\repository\org\webjars\npm\follow-redirects\1.5.10\follow-redirects-1.5.10.jar;C:\Users\HP\.m2\repository\org\webjars\npm\debug\3.1.0\debug-3.1.0.jar;C:\Users\HP\.m2\repository\org\webjars\npm\ms\2.0.0\ms-2.0.0.jar;"/>
    <property name="sun.cpu.endian" value="little"/>
    <property name="user.home" value="C:\Users\HP"/>
    <property name="user.language" value="en"/>
    <property name="java.specification.vendor" value="Oracle Corporation"/>
    <property name="java.version.date" value="2021-07-20"/>
    <property name="java.home" value="C:\Program Files\Java\jdk-16.0.2"/>
    <property name="file.separator" value="\"/>
    <property name="basedir" value="D:\MSC_COMPUTING\AGILE SOFTWARE DEVELOPEMENT\Health-Tracker-App"/>
    <property name="java.vm.compressedOopsMode" value="32-bit"/>
    <property name="line.separator" value="&#10;"/>
    <property name="java.vm.specification.vendor" value="Oracle Corporation"/>
    <property name="java.specification.name" value="Java Platform API Specification"/>
    <property name="surefire.real.class.path" value="C:\Users\HP\AppData\Local\Temp\surefire4736122691557912724\surefirebooter3446300276621293961.jar"/>
    <property name="user.script" value=""/>
    <property name="sun.management.compiler" value="HotSpot 64-Bit Tiered Compilers"/>
    <property name="java.runtime.version" value="16.0.2+7-67"/>
    <property name="user.name" value="HP"/>
    <property name="path.separator" value=";"/>
    <property name="os.version" value="10.0"/>
    <property name="java.runtime.name" value="Java(TM) SE Runtime Environment"/>
    <property name="file.encoding" value="Cp1252"/>
    <property name="java.vm.name" value="Java HotSpot(TM) 64-Bit Server VM"/>
    <property name="localRepository" value="C:\Users\HP\.m2\repository"/>
    <property name="java.vendor.url.bug" value="https://bugreport.java.com/bugreport/"/>
    <property name="java.io.tmpdir" value="C:\Users\HP\AppData\Local\Temp\"/>
    <property name="idea.version" value="2021.2.1"/>
    <property name="java.version" value="16.0.2"/>
    <property name="user.dir" value="D:\MSC_COMPUTING\AGILE SOFTWARE DEVELOPEMENT\Health-Tracker-App"/>
    <property name="os.arch" value="amd64"/>
    <property name="java.vm.specification.name" value="Java Virtual Machine Specification"/>
    <property name="sun.os.patch.level" value=""/>
    <property name="java.library.path" value="C:\Program Files\Java\jdk-16.0.2\bin;C:\windows\Sun\Java\bin;C:\windows\system32;C:\windows;C:\Python39\Scripts\;C:\Python39\;C:\Program Files (x86)\VMware\VMware Workstation\bin\;C:\Program Files\Common Files\Oracle\Java\javapath;C:\windows\system32;C:\windows;C:\windows\System32\Wbem;C:\windows\System32\WindowsPowerShell\v1.0\;C:\windows\System32\OpenSSH\;C:\Program Files\PuTTY\;D:\MSC_COMPUTING\AGILE SOFTWARE DEVELOPEMENT\Dev\nodejs\;C:\ProgramData\chocolatey\bin;C:\Program Files\Git\cmd;C:\Program Files\Amazon\AWSCLIV2\;C:\Program Files\MySQL\MySQL Shell 8.0\bin\;C:\Users\HP\AppData\Local\Microsoft\WindowsApps;;C:\Program Files\JetBrains\IntelliJ IDEA 2021.2.1\bin;;C:\Users\HP\AppData\Roaming\npm;C:\Program Files\heroku\bin;."/>
    <property name="java.vm.info" value="mixed mode, sharing"/>
    <property name="java.vendor" value="Oracle Corporation"/>
    <property name="java.vm.version" value="16.0.2+7-67"/>
    <property name="sun.io.unicode.encoding" value="UnicodeLittle"/>
    <property name="java.class.version" value="60.0"/>
  </properties>
  <testcase name="add a measurement when a user exists for it, returns a 201 response" classname="org.wit.controllers.MeasurementTrackerAPITest$CreateMeasurements" time="8.847"/>
  <testcase name="add a measurement when no user exists for it, returns a 404 response" classname="org.wit.controllers.MeasurementTrackerAPITest$CreateMeasurements" time="2"/>
  <testcase name="get measurement by measurement id when measurement exists returns 200 response" classname="org.wit.controllers.MeasurementTrackerAPITest$ReadMeasurements" time="1.048">
    <error message="org/wit/controllers/MeasurementTrackerAPITest$ReadMeasurements$get measurement by measurement id when measurement exists returns 200 response$$inlined$jsonToObject$1" type="java.lang.NoClassDefFoundError">java.lang.NoClassDefFoundError: org/wit/controllers/MeasurementTrackerAPITest$ReadMeasurements$get measurement by measurement id when measurement exists returns 200 response$$inlined$jsonToObject$1
	at org.wit.controllers.MeasurementTrackerAPITest$ReadMeasurements.get measurement by measurement id when measurement exists returns 200 response(MeasurementTrackerAPITest.kt:288)
Caused by: java.lang.ClassNotFoundException: org.wit.controllers.MeasurementTrackerAPITest$ReadMeasurements$get measurement by measurement id when measurement exists returns 200 response$$inlined$jsonToObject$1
	at org.wit.controllers.MeasurementTrackerAPITest$ReadMeasurements.get measurement by measurement id when measurement exists returns 200 response(MeasurementTrackerAPITest.kt:288)
</error>
  </testcase>
  <testcase name="get all measurements by user id when user and measurements exists returns 200 response" classname="org.wit.controllers.MeasurementTrackerAPITest$ReadMeasurements" time="1.006">
    <error message="org/wit/controllers/MeasurementTrackerAPITest$ReadMeasurements$get all measurements by user id when user and measurements exists returns 200 response$$inlined$jsonToObject$1" type="java.lang.NoClassDefFoundError">java.lang.NoClassDefFoundError: org/wit/controllers/MeasurementTrackerAPITest$ReadMeasurements$get all measurements by user id when user and measurements exists returns 200 response$$inlined$jsonToObject$1
	at org.wit.controllers.MeasurementTrackerAPITest$ReadMeasurements.get all measurements by user id when user and measurements exists returns 200 response(MeasurementTrackerAPITest.kt:271)
Caused by: java.lang.ClassNotFoundException: org.wit.controllers.MeasurementTrackerAPITest$ReadMeasurements$get all measurements by user id when user and measurements exists returns 200 response$$inlined$jsonToObject$1
	at org.wit.controllers.MeasurementTrackerAPITest$ReadMeasurements.get all measurements by user id when user and measurements exists returns 200 response(MeasurementTrackerAPITest.kt:271)
</error>
  </testcase>
  <testcase name="get measurement by measurement id when no measurement exists returns 404 response" classname="org.wit.controllers.MeasurementTrackerAPITest$ReadMeasurements" time="0.087">
    <failure message="expected:&lt;404&gt; but was:&lt;500&gt;" type="java.lang.AssertionError"><![CDATA[java.lang.AssertionError: expected:<404> but was:<500>
	at org.wit.controllers.MeasurementTrackerAPITest$ReadMeasurements.get measurement by measurement id when no measurement exists returns 404 response(MeasurementTrackerAPITest.kt:123)
]]></failure>
    <system-err><![CDATA[[qtp18179709-24] ERROR io.javalin.Javalin - Exception occurred while servicing http-request
java.lang.NoClassDefFoundError: org/wit/repository/MeasurementDAO$findByMeasurementId$1
	at org.wit.repository.MeasurementDAO.findByMeasurementId(MeasurementDAO.kt:25)
	at org.wit.controllers.MeasurementTrackerAPI.getMeasurementsByMeasurementId(MeasurementTrackerAPI.kt:51)
	at org.wit.config.JavalinConfig$registerRoutes$1$24.invoke(JavalinConfig.kt:56)
	at org.wit.config.JavalinConfig$registerRoutes$1$24.invoke(JavalinConfig.kt:12)
	at org.wit.config.JavalinConfig$sam$io_javalin_http_Handler$0.handle(JavalinConfig.kt)
	at io.javalin.core.security.SecurityUtil.noopAccessManager(SecurityUtil.kt:23)
	at io.javalin.http.JavalinServlet$addHandler$protectedHandler$1.handle(JavalinServlet.kt:119)
	at io.javalin.http.JavalinServlet$service$2$1.invoke(JavalinServlet.kt:45)
	at io.javalin.http.JavalinServlet$service$2$1.invoke(JavalinServlet.kt:24)
	at io.javalin.http.JavalinServlet$service$1.invoke(JavalinServlet.kt:126)
	at io.javalin.http.JavalinServlet$service$2.invoke(JavalinServlet.kt:40)
	at io.javalin.http.JavalinServlet.service(JavalinServlet.kt:78)
	at javax.servlet.http.HttpServlet.service(HttpServlet.java:790)
	at org.eclipse.jetty.servlet.ServletHolder.handle(ServletHolder.java:755)
	at org.eclipse.jetty.servlet.ServletHandler.doHandle(ServletHandler.java:547)
	at org.eclipse.jetty.server.handler.ScopedHandler.nextHandle(ScopedHandler.java:233)
	at org.eclipse.jetty.server.session.SessionHandler.doHandle(SessionHandler.java:1607)
	at org.eclipse.jetty.server.handler.ScopedHandler.nextHandle(ScopedHandler.java:233)
	at io.javalin.core.JavalinServer$start$httpHandler$1.doHandle(JavalinServer.kt:54)
	at org.eclipse.jetty.server.handler.ScopedHandler.nextScope(ScopedHandler.java:188)
	at org.eclipse.jetty.servlet.ServletHandler.doScope(ServletHandler.java:485)
	at org.eclipse.jetty.server.session.SessionHandler.doScope(SessionHandler.java:1577)
	at org.eclipse.jetty.server.handler.ScopedHandler.nextScope(ScopedHandler.java:186)
	at org.eclipse.jetty.server.handler.ContextHandler.doScope(ContextHandler.java:1212)
	at org.eclipse.jetty.server.handler.ScopedHandler.handle(ScopedHandler.java:141)
	at org.eclipse.jetty.server.handler.HandlerList.handle(HandlerList.java:59)
	at org.eclipse.jetty.server.handler.StatisticsHandler.handle(StatisticsHandler.java:173)
	at org.eclipse.jetty.server.handler.HandlerWrapper.handle(HandlerWrapper.java:127)
	at org.eclipse.jetty.server.Server.handle(Server.java:500)
	at org.eclipse.jetty.server.HttpChannel.lambda$handle$1(HttpChannel.java:383)
	at org.eclipse.jetty.server.HttpChannel.dispatch(HttpChannel.java:547)
	at org.eclipse.jetty.server.HttpChannel.handle(HttpChannel.java:375)
	at org.eclipse.jetty.server.HttpConnection.onFillable(HttpConnection.java:270)
	at org.eclipse.jetty.io.AbstractConnection$ReadCallback.succeeded(AbstractConnection.java:311)
	at org.eclipse.jetty.io.FillInterest.fillable(FillInterest.java:103)
	at org.eclipse.jetty.io.ChannelEndPoint$2.run(ChannelEndPoint.java:117)
	at org.eclipse.jetty.util.thread.strategy.EatWhatYouKill.runTask(EatWhatYouKill.java:336)
	at org.eclipse.jetty.util.thread.strategy.EatWhatYouKill.doProduce(EatWhatYouKill.java:313)
	at org.eclipse.jetty.util.thread.strategy.EatWhatYouKill.tryProduce(EatWhatYouKill.java:171)
	at org.eclipse.jetty.util.thread.strategy.EatWhatYouKill.run(EatWhatYouKill.java:129)
	at org.eclipse.jetty.util.thread.ReservedThreadExecutor$ReservedThread.run(ReservedThreadExecutor.java:388)
	at org.eclipse.jetty.util.thread.QueuedThreadPool.runJob(QueuedThreadPool.java:806)
	at org.eclipse.jetty.util.thread.QueuedThreadPool$Runner.run(QueuedThreadPool.java:938)
	at java.base/java.lang.Thread.run(Thread.java:831)
Caused by: java.lang.ClassNotFoundException: org.wit.repository.MeasurementDAO$findByMeasurementId$1
	at java.base/jdk.internal.loader.BuiltinClassLoader.loadClass(BuiltinClassLoader.java:636)
	at java.base/jdk.internal.loader.ClassLoaders$AppClassLoader.loadClass(ClassLoaders.java:182)
	at java.base/java.lang.ClassLoader.loadClass(ClassLoader.java:519)
	... 44 more
]]></system-err>
  </testcase>
  <testcase name="get all measurements by user id when no measurements exist returns 404 response" classname="org.wit.controllers.MeasurementTrackerAPITest$ReadMeasurements" time="0.951">
    <error message="org/wit/controllers/MeasurementTrackerAPITest$ReadMeasurements$get all measurements by user id when no measurements exist returns 404 response$$inlined$jsonToObject$1" type="java.lang.NoClassDefFoundError">java.lang.NoClassDefFoundError: org/wit/controllers/MeasurementTrackerAPITest$ReadMeasurements$get all measurements by user id when no measurements exist returns 404 response$$inlined$jsonToObject$1
	at org.wit.controllers.MeasurementTrackerAPITest$ReadMeasurements.get all measurements by user id when no measurements exist returns 404 response(MeasurementTrackerAPITest.kt:280)
Caused by: java.lang.ClassNotFoundException: org.wit.controllers.MeasurementTrackerAPITest$ReadMeasurements$get all measurements by user id when no measurements exist returns 404 response$$inlined$jsonToObject$1
	at org.wit.controllers.MeasurementTrackerAPITest$ReadMeasurements.get all measurements by user id when no measurements exist returns 404 response(MeasurementTrackerAPITest.kt:280)
</error>
  </testcase>
  <testcase name="get all measurements by user id when no user exists returns 404 response" classname="org.wit.controllers.MeasurementTrackerAPITest$ReadMeasurements" time="0.977"/>
  <testcase name="get all measurements from the database returns 200 or 404 response" classname="org.wit.controllers.MeasurementTrackerAPITest$ReadMeasurements" time="0.037">
    <failure message="expected:&lt;404&gt; but was:&lt;500&gt;" type="java.lang.AssertionError"><![CDATA[java.lang.AssertionError: expected:<404> but was:<500>
	at org.wit.controllers.MeasurementTrackerAPITest$ReadMeasurements.get all measurements from the database returns 200 or 404 response(MeasurementTrackerAPITest.kt:66)
]]></failure>
    <system-err><![CDATA[[qtp18179709-25] ERROR io.javalin.Javalin - Exception occurred while servicing http-request
java.lang.NoClassDefFoundError: org/wit/repository/MeasurementDAO$getAll$1
	at org.wit.repository.MeasurementDAO.getAll(MeasurementDAO.kt:16)
	at org.wit.controllers.MeasurementTrackerAPI.getAllMeasurements(MeasurementTrackerAPI.kt:24)
	at org.wit.config.JavalinConfig$registerRoutes$1$23.invoke(JavalinConfig.kt:55)
	at org.wit.config.JavalinConfig$registerRoutes$1$23.invoke(JavalinConfig.kt:12)
	at org.wit.config.JavalinConfig$sam$io_javalin_http_Handler$0.handle(JavalinConfig.kt)
	at io.javalin.core.security.SecurityUtil.noopAccessManager(SecurityUtil.kt:23)
	at io.javalin.http.JavalinServlet$addHandler$protectedHandler$1.handle(JavalinServlet.kt:119)
	at io.javalin.http.JavalinServlet$service$2$1.invoke(JavalinServlet.kt:45)
	at io.javalin.http.JavalinServlet$service$2$1.invoke(JavalinServlet.kt:24)
	at io.javalin.http.JavalinServlet$service$1.invoke(JavalinServlet.kt:126)
	at io.javalin.http.JavalinServlet$service$2.invoke(JavalinServlet.kt:40)
	at io.javalin.http.JavalinServlet.service(JavalinServlet.kt:78)
	at javax.servlet.http.HttpServlet.service(HttpServlet.java:790)
	at org.eclipse.jetty.servlet.ServletHolder.handle(ServletHolder.java:755)
	at org.eclipse.jetty.servlet.ServletHandler.doHandle(ServletHandler.java:547)
	at org.eclipse.jetty.server.handler.ScopedHandler.nextHandle(ScopedHandler.java:233)
	at org.eclipse.jetty.server.session.SessionHandler.doHandle(SessionHandler.java:1607)
	at org.eclipse.jetty.server.handler.ScopedHandler.nextHandle(ScopedHandler.java:233)
	at io.javalin.core.JavalinServer$start$httpHandler$1.doHandle(JavalinServer.kt:54)
	at org.eclipse.jetty.server.handler.ScopedHandler.nextScope(ScopedHandler.java:188)
	at org.eclipse.jetty.servlet.ServletHandler.doScope(ServletHandler.java:485)
	at org.eclipse.jetty.server.session.SessionHandler.doScope(SessionHandler.java:1577)
	at org.eclipse.jetty.server.handler.ScopedHandler.nextScope(ScopedHandler.java:186)
	at org.eclipse.jetty.server.handler.ContextHandler.doScope(ContextHandler.java:1212)
	at org.eclipse.jetty.server.handler.ScopedHandler.handle(ScopedHandler.java:141)
	at org.eclipse.jetty.server.handler.HandlerList.handle(HandlerList.java:59)
	at org.eclipse.jetty.server.handler.StatisticsHandler.handle(StatisticsHandler.java:173)
	at org.eclipse.jetty.server.handler.HandlerWrapper.handle(HandlerWrapper.java:127)
	at org.eclipse.jetty.server.Server.handle(Server.java:500)
	at org.eclipse.jetty.server.HttpChannel.lambda$handle$1(HttpChannel.java:383)
	at org.eclipse.jetty.server.HttpChannel.dispatch(HttpChannel.java:547)
	at org.eclipse.jetty.server.HttpChannel.handle(HttpChannel.java:375)
	at org.eclipse.jetty.server.HttpConnection.onFillable(HttpConnection.java:270)
	at org.eclipse.jetty.io.AbstractConnection$ReadCallback.succeeded(AbstractConnection.java:311)
	at org.eclipse.jetty.io.FillInterest.fillable(FillInterest.java:103)
	at org.eclipse.jetty.io.ChannelEndPoint$2.run(ChannelEndPoint.java:117)
	at org.eclipse.jetty.util.thread.strategy.EatWhatYouKill.runTask(EatWhatYouKill.java:336)
	at org.eclipse.jetty.util.thread.strategy.EatWhatYouKill.doProduce(EatWhatYouKill.java:313)
	at org.eclipse.jetty.util.thread.strategy.EatWhatYouKill.tryProduce(EatWhatYouKill.java:171)
	at org.eclipse.jetty.util.thread.strategy.EatWhatYouKill.run(EatWhatYouKill.java:129)
	at org.eclipse.jetty.util.thread.ReservedThreadExecutor$ReservedThread.run(ReservedThreadExecutor.java:388)
	at org.eclipse.jetty.util.thread.QueuedThreadPool.runJob(QueuedThreadPool.java:806)
	at org.eclipse.jetty.util.thread.QueuedThreadPool$Runner.run(QueuedThreadPool.java:938)
	at java.base/java.lang.Thread.run(Thread.java:831)
Caused by: java.lang.ClassNotFoundException: org.wit.repository.MeasurementDAO$getAll$1
	at java.base/jdk.internal.loader.BuiltinClassLoader.loadClass(BuiltinClassLoader.java:636)
	at java.base/jdk.internal.loader.ClassLoaders$AppClassLoader.loadClass(ClassLoaders.java:182)
	at java.base/java.lang.ClassLoader.loadClass(ClassLoader.java:519)
	... 44 more
]]></system-err>
  </testcase>
  <testcase name="updating an measurement by measurement id when it exists, returns 204 response" classname="org.wit.controllers.MeasurementTrackerAPITest$UpdateMeasurements" time="0.98">
    <error message="org/wit/controllers/MeasurementTrackerAPITest$UpdateMeasurements$updating an measurement by measurement id when it exists, returns 204 response$$inlined$jsonToObject$1" type="java.lang.NoClassDefFoundError">java.lang.NoClassDefFoundError: org/wit/controllers/MeasurementTrackerAPITest$UpdateMeasurements$updating an measurement by measurement id when it exists, returns 204 response$$inlined$jsonToObject$1
	at org.wit.controllers.MeasurementTrackerAPITest$UpdateMeasurements.updating an measurement by measurement id when it exists, returns 204 response(MeasurementTrackerAPITest.kt:270)
Caused by: java.lang.ClassNotFoundException: org.wit.controllers.MeasurementTrackerAPITest$UpdateMeasurements$updating an measurement by measurement id when it exists, returns 204 response$$inlined$jsonToObject$1
	at org.wit.controllers.MeasurementTrackerAPITest$UpdateMeasurements.updating an measurement by measurement id when it exists, returns 204 response(MeasurementTrackerAPITest.kt:270)
</error>
  </testcase>
  <testcase name="updating an measurement by measurement id when it doesn&apos;t exist, returns a 404 response" classname="org.wit.controllers.MeasurementTrackerAPITest$UpdateMeasurements" time="1.018">
    <failure message="expected:&lt;404&gt; but was:&lt;500&gt;" type="java.lang.AssertionError"><![CDATA[java.lang.AssertionError: expected:<404> but was:<500>
	at org.wit.controllers.MeasurementTrackerAPITest$UpdateMeasurements.updating an measurement by measurement id when it doesn't exist, returns a 404 response(MeasurementTrackerAPITest.kt:160)
]]></failure>
    <system-err><![CDATA[[qtp18179709-24] ERROR io.javalin.Javalin - Exception occurred while servicing http-request
java.lang.NoClassDefFoundError: org/wit/controllers/MeasurementTrackerAPI$updateMeasurement$$inlined$jsonToObject$1
	at org.wit.controllers.MeasurementTrackerAPI.updateMeasurement(MeasurementTrackerAPI.kt:116)
	at org.wit.config.JavalinConfig$registerRoutes$1$27.invoke(JavalinConfig.kt:59)
	at org.wit.config.JavalinConfig$registerRoutes$1$27.invoke(JavalinConfig.kt:12)
	at org.wit.config.JavalinConfig$sam$io_javalin_http_Handler$0.handle(JavalinConfig.kt)
	at io.javalin.core.security.SecurityUtil.noopAccessManager(SecurityUtil.kt:23)
	at io.javalin.http.JavalinServlet$addHandler$protectedHandler$1.handle(JavalinServlet.kt:119)
	at io.javalin.http.JavalinServlet$service$2$1.invoke(JavalinServlet.kt:45)
	at io.javalin.http.JavalinServlet$service$2$1.invoke(JavalinServlet.kt:24)
	at io.javalin.http.JavalinServlet$service$1.invoke(JavalinServlet.kt:126)
	at io.javalin.http.JavalinServlet$service$2.invoke(JavalinServlet.kt:40)
	at io.javalin.http.JavalinServlet.service(JavalinServlet.kt:78)
	at javax.servlet.http.HttpServlet.service(HttpServlet.java:790)
	at org.eclipse.jetty.servlet.ServletHolder.handle(ServletHolder.java:755)
	at org.eclipse.jetty.servlet.ServletHandler.doHandle(ServletHandler.java:547)
	at org.eclipse.jetty.server.handler.ScopedHandler.nextHandle(ScopedHandler.java:233)
	at org.eclipse.jetty.server.session.SessionHandler.doHandle(SessionHandler.java:1607)
	at org.eclipse.jetty.server.handler.ScopedHandler.nextHandle(ScopedHandler.java:233)
	at io.javalin.core.JavalinServer$start$httpHandler$1.doHandle(JavalinServer.kt:54)
	at org.eclipse.jetty.server.handler.ScopedHandler.nextScope(ScopedHandler.java:188)
	at org.eclipse.jetty.servlet.ServletHandler.doScope(ServletHandler.java:485)
	at org.eclipse.jetty.server.session.SessionHandler.doScope(SessionHandler.java:1577)
	at org.eclipse.jetty.server.handler.ScopedHandler.nextScope(ScopedHandler.java:186)
	at org.eclipse.jetty.server.handler.ContextHandler.doScope(ContextHandler.java:1212)
	at org.eclipse.jetty.server.handler.ScopedHandler.handle(ScopedHandler.java:141)
	at org.eclipse.jetty.server.handler.HandlerList.handle(HandlerList.java:59)
	at org.eclipse.jetty.server.handler.StatisticsHandler.handle(StatisticsHandler.java:173)
	at org.eclipse.jetty.server.handler.HandlerWrapper.handle(HandlerWrapper.java:127)
	at org.eclipse.jetty.server.Server.handle(Server.java:500)
	at org.eclipse.jetty.server.HttpChannel.lambda$handle$1(HttpChannel.java:383)
	at org.eclipse.jetty.server.HttpChannel.dispatch(HttpChannel.java:547)
	at org.eclipse.jetty.server.HttpChannel.handle(HttpChannel.java:375)
	at org.eclipse.jetty.server.HttpConnection.onFillable(HttpConnection.java:270)
	at org.eclipse.jetty.io.AbstractConnection$ReadCallback.succeeded(AbstractConnection.java:311)
	at org.eclipse.jetty.io.FillInterest.fillable(FillInterest.java:103)
	at org.eclipse.jetty.io.ChannelEndPoint$2.run(ChannelEndPoint.java:117)
	at org.eclipse.jetty.util.thread.strategy.EatWhatYouKill.runTask(EatWhatYouKill.java:336)
	at org.eclipse.jetty.util.thread.strategy.EatWhatYouKill.doProduce(EatWhatYouKill.java:313)
	at org.eclipse.jetty.util.thread.strategy.EatWhatYouKill.tryProduce(EatWhatYouKill.java:171)
	at org.eclipse.jetty.util.thread.strategy.EatWhatYouKill.run(EatWhatYouKill.java:129)
	at org.eclipse.jetty.util.thread.ReservedThreadExecutor$ReservedThread.run(ReservedThreadExecutor.java:388)
	at org.eclipse.jetty.util.thread.QueuedThreadPool.runJob(QueuedThreadPool.java:806)
	at org.eclipse.jetty.util.thread.QueuedThreadPool$Runner.run(QueuedThreadPool.java:938)
	at java.base/java.lang.Thread.run(Thread.java:831)
Caused by: java.lang.ClassNotFoundException: org.wit.controllers.MeasurementTrackerAPI$updateMeasurement$$inlined$jsonToObject$1
	at java.base/jdk.internal.loader.BuiltinClassLoader.loadClass(BuiltinClassLoader.java:636)
	at java.base/jdk.internal.loader.ClassLoaders$AppClassLoader.loadClass(ClassLoaders.java:182)
	at java.base/java.lang.ClassLoader.loadClass(ClassLoader.java:519)
	... 43 more
]]></system-err>
  </testcase>
  <testcase name="deleting an measurement by id when it exists, returns a 204 response" classname="org.wit.controllers.MeasurementTrackerAPITest$DeleteMeasurements" time="0.989">
    <error message="org/wit/controllers/MeasurementTrackerAPITest$DeleteMeasurements$deleting an measurement by id when it exists, returns a 204 response$$inlined$jsonToObject$1" type="java.lang.NoClassDefFoundError">java.lang.NoClassDefFoundError: org/wit/controllers/MeasurementTrackerAPITest$DeleteMeasurements$deleting an measurement by id when it exists, returns a 204 response$$inlined$jsonToObject$1
	at org.wit.controllers.MeasurementTrackerAPITest$DeleteMeasurements.deleting an measurement by id when it exists, returns a 204 response(MeasurementTrackerAPITest.kt:270)
Caused by: java.lang.ClassNotFoundException: org.wit.controllers.MeasurementTrackerAPITest$DeleteMeasurements$deleting an measurement by id when it exists, returns a 204 response$$inlined$jsonToObject$1
	at org.wit.controllers.MeasurementTrackerAPITest$DeleteMeasurements.deleting an measurement by id when it exists, returns a 204 response(MeasurementTrackerAPITest.kt:270)
</error>
  </testcase>
  <testcase name="deleting all measurements by userid when it exists, returns a 204 response" classname="org.wit.controllers.MeasurementTrackerAPITest$DeleteMeasurements" time="0.999">
    <error message="org/wit/controllers/MeasurementTrackerAPITest$DeleteMeasurements$deleting all measurements by userid when it exists, returns a 204 response$$inlined$jsonToObject$1" type="java.lang.NoClassDefFoundError">java.lang.NoClassDefFoundError: org/wit/controllers/MeasurementTrackerAPITest$DeleteMeasurements$deleting all measurements by userid when it exists, returns a 204 response$$inlined$jsonToObject$1
	at org.wit.controllers.MeasurementTrackerAPITest$DeleteMeasurements.deleting all measurements by userid when it exists, returns a 204 response(MeasurementTrackerAPITest.kt:279)
Caused by: java.lang.ClassNotFoundException: org.wit.controllers.MeasurementTrackerAPITest$DeleteMeasurements$deleting all measurements by userid when it exists, returns a 204 response$$inlined$jsonToObject$1
	at org.wit.controllers.MeasurementTrackerAPITest$DeleteMeasurements.deleting all measurements by userid when it exists, returns a 204 response(MeasurementTrackerAPITest.kt:279)
</error>
  </testcase>
  <testcase name="deleting an measurement by measurement id when it doesn&apos;t exist, returns a 404 response" classname="org.wit.controllers.MeasurementTrackerAPITest$DeleteMeasurements" time="0.051">
    <failure message="expected:&lt;404&gt; but was:&lt;500&gt;" type="java.lang.AssertionError"><![CDATA[java.lang.AssertionError: expected:<404> but was:<500>
	at org.wit.controllers.MeasurementTrackerAPITest$DeleteMeasurements.deleting an measurement by measurement id when it doesn't exist, returns a 404 response(MeasurementTrackerAPITest.kt:205)
]]></failure>
    <system-err><![CDATA[[qtp18179709-25] ERROR io.javalin.Javalin - Exception occurred while servicing http-request
java.lang.NoClassDefFoundError: org/wit/repository/MeasurementDAO$deleteByMeasurementId$1
	at org.wit.repository.MeasurementDAO.deleteByMeasurementId(MeasurementDAO.kt:69)
	at org.wit.controllers.MeasurementTrackerAPI.deleteMeasurementByMeasurementId(MeasurementTrackerAPI.kt:78)
	at org.wit.config.JavalinConfig$registerRoutes$1$26.invoke(JavalinConfig.kt:58)
	at org.wit.config.JavalinConfig$registerRoutes$1$26.invoke(JavalinConfig.kt:12)
	at org.wit.config.JavalinConfig$sam$io_javalin_http_Handler$0.handle(JavalinConfig.kt)
	at io.javalin.core.security.SecurityUtil.noopAccessManager(SecurityUtil.kt:23)
	at io.javalin.http.JavalinServlet$addHandler$protectedHandler$1.handle(JavalinServlet.kt:119)
	at io.javalin.http.JavalinServlet$service$2$1.invoke(JavalinServlet.kt:45)
	at io.javalin.http.JavalinServlet$service$2$1.invoke(JavalinServlet.kt:24)
	at io.javalin.http.JavalinServlet$service$1.invoke(JavalinServlet.kt:126)
	at io.javalin.http.JavalinServlet$service$2.invoke(JavalinServlet.kt:40)
	at io.javalin.http.JavalinServlet.service(JavalinServlet.kt:78)
	at javax.servlet.http.HttpServlet.service(HttpServlet.java:790)
	at org.eclipse.jetty.servlet.ServletHolder.handle(ServletHolder.java:755)
	at org.eclipse.jetty.servlet.ServletHandler.doHandle(ServletHandler.java:547)
	at org.eclipse.jetty.server.handler.ScopedHandler.nextHandle(ScopedHandler.java:233)
	at org.eclipse.jetty.server.session.SessionHandler.doHandle(SessionHandler.java:1607)
	at org.eclipse.jetty.server.handler.ScopedHandler.nextHandle(ScopedHandler.java:233)
	at io.javalin.core.JavalinServer$start$httpHandler$1.doHandle(JavalinServer.kt:54)
	at org.eclipse.jetty.server.handler.ScopedHandler.nextScope(ScopedHandler.java:188)
	at org.eclipse.jetty.servlet.ServletHandler.doScope(ServletHandler.java:485)
	at org.eclipse.jetty.server.session.SessionHandler.doScope(SessionHandler.java:1577)
	at org.eclipse.jetty.server.handler.ScopedHandler.nextScope(ScopedHandler.java:186)
	at org.eclipse.jetty.server.handler.ContextHandler.doScope(ContextHandler.java:1212)
	at org.eclipse.jetty.server.handler.ScopedHandler.handle(ScopedHandler.java:141)
	at org.eclipse.jetty.server.handler.HandlerList.handle(HandlerList.java:59)
	at org.eclipse.jetty.server.handler.StatisticsHandler.handle(StatisticsHandler.java:173)
	at org.eclipse.jetty.server.handler.HandlerWrapper.handle(HandlerWrapper.java:127)
	at org.eclipse.jetty.server.Server.handle(Server.java:500)
	at org.eclipse.jetty.server.HttpChannel.lambda$handle$1(HttpChannel.java:383)
	at org.eclipse.jetty.server.HttpChannel.dispatch(HttpChannel.java:547)
	at org.eclipse.jetty.server.HttpChannel.handle(HttpChannel.java:375)
	at org.eclipse.jetty.server.HttpConnection.onFillable(HttpConnection.java:270)
	at org.eclipse.jetty.io.AbstractConnection$ReadCallback.succeeded(AbstractConnection.java:311)
	at org.eclipse.jetty.io.FillInterest.fillable(FillInterest.java:103)
	at org.eclipse.jetty.io.ChannelEndPoint$2.run(ChannelEndPoint.java:117)
	at org.eclipse.jetty.util.thread.strategy.EatWhatYouKill.runTask(EatWhatYouKill.java:336)
	at org.eclipse.jetty.util.thread.strategy.EatWhatYouKill.doProduce(EatWhatYouKill.java:313)
	at org.eclipse.jetty.util.thread.strategy.EatWhatYouKill.tryProduce(EatWhatYouKill.java:171)
	at org.eclipse.jetty.util.thread.strategy.EatWhatYouKill.run(EatWhatYouKill.java:129)
	at org.eclipse.jetty.util.thread.ReservedThreadExecutor$ReservedThread.run(ReservedThreadExecutor.java:388)
	at org.eclipse.jetty.util.thread.QueuedThreadPool.runJob(QueuedThreadPool.java:806)
	at org.eclipse.jetty.util.thread.QueuedThreadPool$Runner.run(QueuedThreadPool.java:938)
	at java.base/java.lang.Thread.run(Thread.java:831)
Caused by: java.lang.ClassNotFoundException: org.wit.repository.MeasurementDAO$deleteByMeasurementId$1
	at java.base/jdk.internal.loader.BuiltinClassLoader.loadClass(BuiltinClassLoader.java:636)
	at java.base/jdk.internal.loader.ClassLoaders$AppClassLoader.loadClass(ClassLoaders.java:182)
	at java.base/java.lang.ClassLoader.loadClass(ClassLoader.java:519)
	... 44 more
]]></system-err>
  </testcase>
  <testcase name="deleting measurements by user id when it doesn&apos;t exist, returns a 404 response" classname="org.wit.controllers.MeasurementTrackerAPITest$DeleteMeasurements" time="0.018">
    <failure message="expected:&lt;404&gt; but was:&lt;500&gt;" type="java.lang.AssertionError"><![CDATA[java.lang.AssertionError: expected:<404> but was:<500>
	at org.wit.controllers.MeasurementTrackerAPITest$DeleteMeasurements.deleting measurements by user id when it doesn't exist, returns a 404 response(MeasurementTrackerAPITest.kt:211)
]]></failure>
    <system-err><![CDATA[[qtp18179709-24] ERROR io.javalin.Javalin - Exception occurred while servicing http-request
java.lang.NoClassDefFoundError: org/wit/repository/MeasurementDAO$deleteByUserId$1
	at org.wit.repository.MeasurementDAO.deleteByUserId(MeasurementDAO.kt:76)
	at org.wit.controllers.MeasurementTrackerAPI.deleteMeasurementByUserId(MeasurementTrackerAPI.kt:85)
	at org.wit.config.JavalinConfig$registerRoutes$1$11.invoke(JavalinConfig.kt:37)
	at org.wit.config.JavalinConfig$registerRoutes$1$11.invoke(JavalinConfig.kt:12)
	at org.wit.config.JavalinConfig$sam$io_javalin_http_Handler$0.handle(JavalinConfig.kt)
	at io.javalin.core.security.SecurityUtil.noopAccessManager(SecurityUtil.kt:23)
	at io.javalin.http.JavalinServlet$addHandler$protectedHandler$1.handle(JavalinServlet.kt:119)
	at io.javalin.http.JavalinServlet$service$2$1.invoke(JavalinServlet.kt:45)
	at io.javalin.http.JavalinServlet$service$2$1.invoke(JavalinServlet.kt:24)
	at io.javalin.http.JavalinServlet$service$1.invoke(JavalinServlet.kt:126)
	at io.javalin.http.JavalinServlet$service$2.invoke(JavalinServlet.kt:40)
	at io.javalin.http.JavalinServlet.service(JavalinServlet.kt:78)
	at javax.servlet.http.HttpServlet.service(HttpServlet.java:790)
	at org.eclipse.jetty.servlet.ServletHolder.handle(ServletHolder.java:755)
	at org.eclipse.jetty.servlet.ServletHandler.doHandle(ServletHandler.java:547)
	at org.eclipse.jetty.server.handler.ScopedHandler.nextHandle(ScopedHandler.java:233)
	at org.eclipse.jetty.server.session.SessionHandler.doHandle(SessionHandler.java:1607)
	at org.eclipse.jetty.server.handler.ScopedHandler.nextHandle(ScopedHandler.java:233)
	at io.javalin.core.JavalinServer$start$httpHandler$1.doHandle(JavalinServer.kt:54)
	at org.eclipse.jetty.server.handler.ScopedHandler.nextScope(ScopedHandler.java:188)
	at org.eclipse.jetty.servlet.ServletHandler.doScope(ServletHandler.java:485)
	at org.eclipse.jetty.server.session.SessionHandler.doScope(SessionHandler.java:1577)
	at org.eclipse.jetty.server.handler.ScopedHandler.nextScope(ScopedHandler.java:186)
	at org.eclipse.jetty.server.handler.ContextHandler.doScope(ContextHandler.java:1212)
	at org.eclipse.jetty.server.handler.ScopedHandler.handle(ScopedHandler.java:141)
	at org.eclipse.jetty.server.handler.HandlerList.handle(HandlerList.java:59)
	at org.eclipse.jetty.server.handler.StatisticsHandler.handle(StatisticsHandler.java:173)
	at org.eclipse.jetty.server.handler.HandlerWrapper.handle(HandlerWrapper.java:127)
	at org.eclipse.jetty.server.Server.handle(Server.java:500)
	at org.eclipse.jetty.server.HttpChannel.lambda$handle$1(HttpChannel.java:383)
	at org.eclipse.jetty.server.HttpChannel.dispatch(HttpChannel.java:547)
	at org.eclipse.jetty.server.HttpChannel.handle(HttpChannel.java:375)
	at org.eclipse.jetty.server.HttpConnection.onFillable(HttpConnection.java:270)
	at org.eclipse.jetty.io.AbstractConnection$ReadCallback.succeeded(AbstractConnection.java:311)
	at org.eclipse.jetty.io.FillInterest.fillable(FillInterest.java:103)
	at org.eclipse.jetty.io.ChannelEndPoint$2.run(ChannelEndPoint.java:117)
	at org.eclipse.jetty.util.thread.strategy.EatWhatYouKill.runTask(EatWhatYouKill.java:336)
	at org.eclipse.jetty.util.thread.strategy.EatWhatYouKill.doProduce(EatWhatYouKill.java:313)
	at org.eclipse.jetty.util.thread.strategy.EatWhatYouKill.tryProduce(EatWhatYouKill.java:171)
	at org.eclipse.jetty.util.thread.strategy.EatWhatYouKill.run(EatWhatYouKill.java:129)
	at org.eclipse.jetty.util.thread.ReservedThreadExecutor$ReservedThread.run(ReservedThreadExecutor.java:388)
	at org.eclipse.jetty.util.thread.QueuedThreadPool.runJob(QueuedThreadPool.java:806)
	at org.eclipse.jetty.util.thread.QueuedThreadPool$Runner.run(QueuedThreadPool.java:938)
	at java.base/java.lang.Thread.run(Thread.java:831)
Caused by: java.lang.ClassNotFoundException: org.wit.repository.MeasurementDAO$deleteByUserId$1
	at java.base/jdk.internal.loader.BuiltinClassLoader.loadClass(BuiltinClassLoader.java:636)
	at java.base/jdk.internal.loader.ClassLoaders$AppClassLoader.loadClass(ClassLoaders.java:182)
	at java.base/java.lang.ClassLoader.loadClass(ClassLoader.java:519)
	... 44 more
]]></system-err>
  </testcase>
</testsuite>