<?xml version="1.0" encoding="UTF-8"?>
<testsuite xmlns:xsi="http://www.w3.org/2001/XMLSchema-instance" xsi:noNamespaceSchemaLocation="https://maven.apache.org/surefire/maven-surefire-plugin/xsd/surefire-test-report.xsd" name="org.wit.controllers.MeasurementTrackerAPITest" time="2.051" tests="14" errors="14" skipped="0" failures="0">
  <properties>
    <property name="java.specification.version" value="16"/>
    <property name="sun.cpu.isalist" value="amd64"/>
    <property name="sun.jnu.encoding" value="Cp1252"/>
    <property name="java.class.path" value="D:\MSC_COMPUTING\AGILE SOFTWARE DEVELOPEMENT\Health-Tracker-App\target\test-classes;D:\MSC_COMPUTING\AGILE SOFTWARE DEVELOPEMENT\Health-Tracker-App\target\classes;C:\Users\HP\.m2\repository\io\github\microutils\kotlin-logging\1.12.5\kotlin-logging-1.12.5.jar;C:\Users\HP\.m2\repository\org\jetbrains\exposed\exposed\0.11.2\exposed-0.11.2.jar;C:\Users\HP\.m2\repository\org\jetbrains\kotlin\kotlin-reflect\1.3.0\kotlin-reflect-1.3.0.jar;C:\Users\HP\.m2\repository\joda-time\joda-time\2.9.9\joda-time-2.9.9.jar;C:\Users\HP\.m2\repository\org\postgresql\postgresql\42.2.2\postgresql-42.2.2.jar;C:\Users\HP\.m2\repository\org\jetbrains\kotlin\kotlin-stdlib\1.3.72\kotlin-stdlib-1.3.72.jar;C:\Users\HP\.m2\repository\org\jetbrains\kotlin\kotlin-stdlib-common\1.3.72\kotlin-stdlib-common-1.3.72.jar;C:\Users\HP\.m2\repository\org\jetbrains\annotations\13.0\annotations-13.0.jar;C:\Users\HP\.m2\repository\org\jetbrains\kotlin\kotlin-test-junit\1.3.72\kotlin-test-junit-1.3.72.jar;C:\Users\HP\.m2\repository\org\jetbrains\kotlin\kotlin-test-annotations-common\1.3.72\kotlin-test-annotations-common-1.3.72.jar;C:\Users\HP\.m2\repository\org\jetbrains\kotlin\kotlin-test\1.3.72\kotlin-test-1.3.72.jar;C:\Users\HP\.m2\repository\org\jetbrains\kotlin\kotlin-test-common\1.3.72\kotlin-test-common-1.3.72.jar;C:\Users\HP\.m2\repository\junit\junit\4.12\junit-4.12.jar;C:\Users\HP\.m2\repository\org\hamcrest\hamcrest-core\1.3\hamcrest-core-1.3.jar;C:\Users\HP\.m2\repository\org\junit\jupiter\junit-jupiter-engine\5.5.2\junit-jupiter-engine-5.5.2.jar;C:\Users\HP\.m2\repository\org\apiguardian\apiguardian-api\1.1.0\apiguardian-api-1.1.0.jar;C:\Users\HP\.m2\repository\org\junit\platform\junit-platform-engine\1.5.2\junit-platform-engine-1.5.2.jar;C:\Users\HP\.m2\repository\org\opentest4j\opentest4j\1.2.0\opentest4j-1.2.0.jar;C:\Users\HP\.m2\repository\org\junit\platform\junit-platform-commons\1.5.2\junit-platform-commons-1.5.2.jar;C:\Users\HP\.m2\repository\org\junit\jupiter\junit-jupiter-api\5.5.2\junit-jupiter-api-5.5.2.jar;C:\Users\HP\.m2\repository\org\junit\platform\junit-platform-runner\1.5.2\junit-platform-runner-1.5.2.jar;C:\Users\HP\.m2\repository\org\junit\platform\junit-platform-launcher\1.5.2\junit-platform-launcher-1.5.2.jar;C:\Users\HP\.m2\repository\org\junit\platform\junit-platform-suite-api\1.5.2\junit-platform-suite-api-1.5.2.jar;C:\Users\HP\.m2\repository\io\javalin\javalin\3.7.0\javalin-3.7.0.jar;C:\Users\HP\.m2\repository\org\jetbrains\kotlin\kotlin-stdlib-jdk8\1.3.61\kotlin-stdlib-jdk8-1.3.61.jar;C:\Users\HP\.m2\repository\org\jetbrains\kotlin\kotlin-stdlib-jdk7\1.3.61\kotlin-stdlib-jdk7-1.3.61.jar;C:\Users\HP\.m2\repository\org\eclipse\jetty\jetty-server\9.4.25.v20191220\jetty-server-9.4.25.v20191220.jar;C:\Users\HP\.m2\repository\javax\servlet\javax.servlet-api\3.1.0\javax.servlet-api-3.1.0.jar;C:\Users\HP\.m2\repository\org\eclipse\jetty\jetty-http\9.4.25.v20191220\jetty-http-9.4.25.v20191220.jar;C:\Users\HP\.m2\repository\org\eclipse\jetty\jetty-util\9.4.25.v20191220\jetty-util-9.4.25.v20191220.jar;C:\Users\HP\.m2\repository\org\eclipse\jetty\jetty-io\9.4.25.v20191220\jetty-io-9.4.25.v20191220.jar;C:\Users\HP\.m2\repository\org\eclipse\jetty\jetty-webapp\9.4.25.v20191220\jetty-webapp-9.4.25.v20191220.jar;C:\Users\HP\.m2\repository\org\eclipse\jetty\jetty-xml\9.4.25.v20191220\jetty-xml-9.4.25.v20191220.jar;C:\Users\HP\.m2\repository\org\eclipse\jetty\jetty-servlet\9.4.25.v20191220\jetty-servlet-9.4.25.v20191220.jar;C:\Users\HP\.m2\repository\org\eclipse\jetty\jetty-security\9.4.25.v20191220\jetty-security-9.4.25.v20191220.jar;C:\Users\HP\.m2\repository\org\eclipse\jetty\websocket\websocket-server\9.4.25.v20191220\websocket-server-9.4.25.v20191220.jar;C:\Users\HP\.m2\repository\org\eclipse\jetty\websocket\websocket-common\9.4.25.v20191220\websocket-common-9.4.25.v20191220.jar;C:\Users\HP\.m2\repository\org\eclipse\jetty\websocket\websocket-api\9.4.25.v20191220\websocket-api-9.4.25.v20191220.jar;C:\Users\HP\.m2\repository\org\eclipse\jetty\websocket\websocket-client\9.4.25.v20191220\websocket-client-9.4.25.v20191220.jar;C:\Users\HP\.m2\repository\org\eclipse\jetty\jetty-client\9.4.25.v20191220\jetty-client-9.4.25.v20191220.jar;C:\Users\HP\.m2\repository\org\eclipse\jetty\websocket\websocket-servlet\9.4.25.v20191220\websocket-servlet-9.4.25.v20191220.jar;C:\Users\HP\.m2\repository\org\slf4j\slf4j-api\1.8.0-beta4\slf4j-api-1.8.0-beta4.jar;C:\Users\HP\.m2\repository\org\slf4j\slf4j-simple\1.8.0-beta4\slf4j-simple-1.8.0-beta4.jar;C:\Users\HP\.m2\repository\com\fasterxml\jackson\core\jackson-databind\2.10.1\jackson-databind-2.10.1.jar;C:\Users\HP\.m2\repository\com\fasterxml\jackson\core\jackson-annotations\2.10.1\jackson-annotations-2.10.1.jar;C:\Users\HP\.m2\repository\com\fasterxml\jackson\core\jackson-core\2.10.1\jackson-core-2.10.1.jar;C:\Users\HP\.m2\repository\com\fasterxml\jackson\module\jackson-module-kotlin\2.9.4.1\jackson-module-kotlin-2.9.4.1.jar;C:\Users\HP\.m2\repository\com\h2database\h2\1.4.197\h2-1.4.197.jar;C:\Users\HP\.m2\repository\com\fasterxml\jackson\datatype\jackson-datatype-joda\2.8.7\jackson-datatype-joda-2.8.7.jar;C:\Users\HP\.m2\repository\com\konghq\unirest-java\3.7.02\unirest-java-3.7.02.jar;C:\Users\HP\.m2\repository\org\apache\httpcomponents\httpclient\4.5.11\httpclient-4.5.11.jar;C:\Users\HP\.m2\repository\org\apache\httpcomponents\httpcore\4.4.13\httpcore-4.4.13.jar;C:\Users\HP\.m2\repository\commons-logging\commons-logging\1.2\commons-logging-1.2.jar;C:\Users\HP\.m2\repository\commons-codec\commons-codec\1.11\commons-codec-1.11.jar;C:\Users\HP\.m2\repository\org\apache\httpcomponents\httpmime\4.5.11\httpmime-4.5.11.jar;C:\Users\HP\.m2\repository\org\apache\httpcomponents\httpcore-nio\4.4.13\httpcore-nio-4.4.13.jar;C:\Users\HP\.m2\repository\org\apache\httpcomponents\httpasyncclient\4.1.4\httpasyncclient-4.1.4.jar;C:\Users\HP\.m2\repository\com\google\code\gson\gson\2.8.6\gson-2.8.6.jar;C:\Users\HP\.m2\repository\org\assertj\assertj-core\3.11.1\assertj-core-3.11.1.jar;C:\Users\HP\.m2\repository\org\webjars\npm\vue\2.6.10\vue-2.6.10.jar;C:\Users\HP\.m2\repository\org\webjars\npm\axios\0.19.2\axios-0.19.2.jar;C:\Users\HP\.m2\repository\org\webjars\npm\follow-redirects\1.5.10\follow-redirects-1.5.10.jar;C:\Users\HP\.m2\repository\org\webjars\npm\debug\3.1.0\debug-3.1.0.jar;C:\Users\HP\.m2\repository\org\webjars\npm\ms\2.0.0\ms-2.0.0.jar;"/>
    <property name="java.vm.vendor" value="Oracle Corporation"/>
    <property name="sun.arch.data.model" value="64"/>
    <property name="user.variant" value=""/>
    <property name="java.vendor.url" value="https://java.oracle.com/"/>
    <property name="user.timezone" value="Asia/Calcutta"/>
    <property name="os.name" value="Windows 10"/>
    <property name="java.vm.specification.version" value="16"/>
    <property name="sun.java.launcher" value="SUN_STANDARD"/>
    <property name="user.country" value="IN"/>
    <property name="sun.boot.library.path" value="C:\Program Files\Java\jdk-16.0.2\bin"/>
    <property name="sun.java.command" value="C:\Users\HP\AppData\Local\Temp\surefire18026758119049083790\surefirebooter1052260839421256382.jar C:\Users\HP\AppData\Local\Temp\surefire18026758119049083790 2021-12-24T19-45-58_171-jvmRun1 surefire13820266897190651069tmp surefire_214305750066390284525tmp"/>
    <property name="jdk.debug" value="release"/>
    <property name="surefire.test.class.path" value="D:\MSC_COMPUTING\AGILE SOFTWARE DEVELOPEMENT\Health-Tracker-App\target\test-classes;D:\MSC_COMPUTING\AGILE SOFTWARE DEVELOPEMENT\Health-Tracker-App\target\classes;C:\Users\HP\.m2\repository\io\github\microutils\kotlin-logging\1.12.5\kotlin-logging-1.12.5.jar;C:\Users\HP\.m2\repository\org\jetbrains\exposed\exposed\0.11.2\exposed-0.11.2.jar;C:\Users\HP\.m2\repository\org\jetbrains\kotlin\kotlin-reflect\1.3.0\kotlin-reflect-1.3.0.jar;C:\Users\HP\.m2\repository\joda-time\joda-time\2.9.9\joda-time-2.9.9.jar;C:\Users\HP\.m2\repository\org\postgresql\postgresql\42.2.2\postgresql-42.2.2.jar;C:\Users\HP\.m2\repository\org\jetbrains\kotlin\kotlin-stdlib\1.3.72\kotlin-stdlib-1.3.72.jar;C:\Users\HP\.m2\repository\org\jetbrains\kotlin\kotlin-stdlib-common\1.3.72\kotlin-stdlib-common-1.3.72.jar;C:\Users\HP\.m2\repository\org\jetbrains\annotations\13.0\annotations-13.0.jar;C:\Users\HP\.m2\repository\org\jetbrains\kotlin\kotlin-test-junit\1.3.72\kotlin-test-junit-1.3.72.jar;C:\Users\HP\.m2\repository\org\jetbrains\kotlin\kotlin-test-annotations-common\1.3.72\kotlin-test-annotations-common-1.3.72.jar;C:\Users\HP\.m2\repository\org\jetbrains\kotlin\kotlin-test\1.3.72\kotlin-test-1.3.72.jar;C:\Users\HP\.m2\repository\org\jetbrains\kotlin\kotlin-test-common\1.3.72\kotlin-test-common-1.3.72.jar;C:\Users\HP\.m2\repository\junit\junit\4.12\junit-4.12.jar;C:\Users\HP\.m2\repository\org\hamcrest\hamcrest-core\1.3\hamcrest-core-1.3.jar;C:\Users\HP\.m2\repository\org\junit\jupiter\junit-jupiter-engine\5.5.2\junit-jupiter-engine-5.5.2.jar;C:\Users\HP\.m2\repository\org\apiguardian\apiguardian-api\1.1.0\apiguardian-api-1.1.0.jar;C:\Users\HP\.m2\repository\org\junit\platform\junit-platform-engine\1.5.2\junit-platform-engine-1.5.2.jar;C:\Users\HP\.m2\repository\org\opentest4j\opentest4j\1.2.0\opentest4j-1.2.0.jar;C:\Users\HP\.m2\repository\org\junit\platform\junit-platform-commons\1.5.2\junit-platform-commons-1.5.2.jar;C:\Users\HP\.m2\repository\org\junit\jupiter\junit-jupiter-api\5.5.2\junit-jupiter-api-5.5.2.jar;C:\Users\HP\.m2\repository\org\junit\platform\junit-platform-runner\1.5.2\junit-platform-runner-1.5.2.jar;C:\Users\HP\.m2\repository\org\junit\platform\junit-platform-launcher\1.5.2\junit-platform-launcher-1.5.2.jar;C:\Users\HP\.m2\repository\org\junit\platform\junit-platform-suite-api\1.5.2\junit-platform-suite-api-1.5.2.jar;C:\Users\HP\.m2\repository\io\javalin\javalin\3.7.0\javalin-3.7.0.jar;C:\Users\HP\.m2\repository\org\jetbrains\kotlin\kotlin-stdlib-jdk8\1.3.61\kotlin-stdlib-jdk8-1.3.61.jar;C:\Users\HP\.m2\repository\org\jetbrains\kotlin\kotlin-stdlib-jdk7\1.3.61\kotlin-stdlib-jdk7-1.3.61.jar;C:\Users\HP\.m2\repository\org\eclipse\jetty\jetty-server\9.4.25.v20191220\jetty-server-9.4.25.v20191220.jar;C:\Users\HP\.m2\repository\javax\servlet\javax.servlet-api\3.1.0\javax.servlet-api-3.1.0.jar;C:\Users\HP\.m2\repository\org\eclipse\jetty\jetty-http\9.4.25.v20191220\jetty-http-9.4.25.v20191220.jar;C:\Users\HP\.m2\repository\org\eclipse\jetty\jetty-util\9.4.25.v20191220\jetty-util-9.4.25.v20191220.jar;C:\Users\HP\.m2\repository\org\eclipse\jetty\jetty-io\9.4.25.v20191220\jetty-io-9.4.25.v20191220.jar;C:\Users\HP\.m2\repository\org\eclipse\jetty\jetty-webapp\9.4.25.v20191220\jetty-webapp-9.4.25.v20191220.jar;C:\Users\HP\.m2\repository\org\eclipse\jetty\jetty-xml\9.4.25.v20191220\jetty-xml-9.4.25.v20191220.jar;C:\Users\HP\.m2\repository\org\eclipse\jetty\jetty-servlet\9.4.25.v20191220\jetty-servlet-9.4.25.v20191220.jar;C:\Users\HP\.m2\repository\org\eclipse\jetty\jetty-security\9.4.25.v20191220\jetty-security-9.4.25.v20191220.jar;C:\Users\HP\.m2\repository\org\eclipse\jetty\websocket\websocket-server\9.4.25.v20191220\websocket-server-9.4.25.v20191220.jar;C:\Users\HP\.m2\repository\org\eclipse\jetty\websocket\websocket-common\9.4.25.v20191220\websocket-common-9.4.25.v20191220.jar;C:\Users\HP\.m2\repository\org\eclipse\jetty\websocket\websocket-api\9.4.25.v20191220\websocket-api-9.4.25.v20191220.jar;C:\Users\HP\.m2\repository\org\eclipse\jetty\websocket\websocket-client\9.4.25.v20191220\websocket-client-9.4.25.v20191220.jar;C:\Users\HP\.m2\repository\org\eclipse\jetty\jetty-client\9.4.25.v20191220\jetty-client-9.4.25.v20191220.jar;C:\Users\HP\.m2\repository\org\eclipse\jetty\websocket\websocket-servlet\9.4.25.v20191220\websocket-servlet-9.4.25.v20191220.jar;C:\Users\HP\.m2\repository\org\slf4j\slf4j-api\1.8.0-beta4\slf4j-api-1.8.0-beta4.jar;C:\Users\HP\.m2\repository\org\slf4j\slf4j-simple\1.8.0-beta4\slf4j-simple-1.8.0-beta4.jar;C:\Users\HP\.m2\repository\com\fasterxml\jackson\core\jackson-databind\2.10.1\jackson-databind-2.10.1.jar;C:\Users\HP\.m2\repository\com\fasterxml\jackson\core\jackson-annotations\2.10.1\jackson-annotations-2.10.1.jar;C:\Users\HP\.m2\repository\com\fasterxml\jackson\core\jackson-core\2.10.1\jackson-core-2.10.1.jar;C:\Users\HP\.m2\repository\com\fasterxml\jackson\module\jackson-module-kotlin\2.9.4.1\jackson-module-kotlin-2.9.4.1.jar;C:\Users\HP\.m2\repository\com\h2database\h2\1.4.197\h2-1.4.197.jar;C:\Users\HP\.m2\repository\com\fasterxml\jackson\datatype\jackson-datatype-joda\2.8.7\jackson-datatype-joda-2.8.7.jar;C:\Users\HP\.m2\repository\com\konghq\unirest-java\3.7.02\unirest-java-3.7.02.jar;C:\Users\HP\.m2\repository\org\apache\httpcomponents\httpclient\4.5.11\httpclient-4.5.11.jar;C:\Users\HP\.m2\repository\org\apache\httpcomponents\httpcore\4.4.13\httpcore-4.4.13.jar;C:\Users\HP\.m2\repository\commons-logging\commons-logging\1.2\commons-logging-1.2.jar;C:\Users\HP\.m2\repository\commons-codec\commons-codec\1.11\commons-codec-1.11.jar;C:\Users\HP\.m2\repository\org\apache\httpcomponents\httpmime\4.5.11\httpmime-4.5.11.jar;C:\Users\HP\.m2\repository\org\apache\httpcomponents\httpcore-nio\4.4.13\httpcore-nio-4.4.13.jar;C:\Users\HP\.m2\repository\org\apache\httpcomponents\httpasyncclient\4.1.4\httpasyncclient-4.1.4.jar;C:\Users\HP\.m2\repository\com\google\code\gson\gson\2.8.6\gson-2.8.6.jar;C:\Users\HP\.m2\repository\org\assertj\assertj-core\3.11.1\assertj-core-3.11.1.jar;C:\Users\HP\.m2\repository\org\webjars\npm\vue\2.6.10\vue-2.6.10.jar;C:\Users\HP\.m2\repository\org\webjars\npm\axios\0.19.2\axios-0.19.2.jar;C:\Users\HP\.m2\repository\org\webjars\npm\follow-redirects\1.5.10\follow-redirects-1.5.10.jar;C:\Users\HP\.m2\repository\org\webjars\npm\debug\3.1.0\debug-3.1.0.jar;C:\Users\HP\.m2\repository\org\webjars\npm\ms\2.0.0\ms-2.0.0.jar;"/>
    <property name="sun.cpu.endian" value="little"/>
    <property name="user.home" value="C:\Users\HP"/>
    <property name="user.language" value="en"/>
    <property name="java.specification.vendor" value="Oracle Corporation"/>
    <property name="java.version.date" value="2021-07-20"/>
    <property name="java.home" value="C:\Program Files\Java\jdk-16.0.2"/>
    <property name="file.separator" value="\"/>
    <property name="basedir" value="D:\MSC_COMPUTING\AGILE SOFTWARE DEVELOPEMENT\Health-Tracker-App"/>
    <property name="java.vm.compressedOopsMode" value="32-bit"/>
    <property name="line.separator" value="&#10;"/>
    <property name="java.vm.specification.vendor" value="Oracle Corporation"/>
    <property name="java.specification.name" value="Java Platform API Specification"/>
    <property name="surefire.real.class.path" value="C:\Users\HP\AppData\Local\Temp\surefire18026758119049083790\surefirebooter1052260839421256382.jar"/>
    <property name="user.script" value=""/>
    <property name="sun.management.compiler" value="HotSpot 64-Bit Tiered Compilers"/>
    <property name="java.runtime.version" value="16.0.2+7-67"/>
    <property name="user.name" value="HP"/>
    <property name="path.separator" value=";"/>
    <property name="os.version" value="10.0"/>
    <property name="java.runtime.name" value="Java(TM) SE Runtime Environment"/>
    <property name="file.encoding" value="Cp1252"/>
    <property name="java.vm.name" value="Java HotSpot(TM) 64-Bit Server VM"/>
    <property name="localRepository" value="C:\Users\HP\.m2\repository"/>
    <property name="java.vendor.url.bug" value="https://bugreport.java.com/bugreport/"/>
    <property name="java.io.tmpdir" value="C:\Users\HP\AppData\Local\Temp\"/>
    <property name="idea.version" value="2021.2.1"/>
    <property name="java.version" value="16.0.2"/>
    <property name="user.dir" value="D:\MSC_COMPUTING\AGILE SOFTWARE DEVELOPEMENT\Health-Tracker-App"/>
    <property name="os.arch" value="amd64"/>
    <property name="java.vm.specification.name" value="Java Virtual Machine Specification"/>
    <property name="sun.os.patch.level" value=""/>
    <property name="java.library.path" value="C:\Program Files\Java\jdk-16.0.2\bin;C:\windows\Sun\Java\bin;C:\windows\system32;C:\windows;C:\Python39\Scripts\;C:\Python39\;C:\Program Files (x86)\VMware\VMware Workstation\bin\;C:\Program Files\Common Files\Oracle\Java\javapath;C:\windows\system32;C:\windows;C:\windows\System32\Wbem;C:\windows\System32\WindowsPowerShell\v1.0\;C:\windows\System32\OpenSSH\;C:\Program Files\PuTTY\;D:\MSC_COMPUTING\AGILE SOFTWARE DEVELOPEMENT\Dev\nodejs\;C:\ProgramData\chocolatey\bin;C:\Program Files\Git\cmd;C:\Program Files\Amazon\AWSCLIV2\;C:\Program Files\MySQL\MySQL Shell 8.0\bin\;C:\Users\HP\AppData\Local\Microsoft\WindowsApps;;C:\Program Files\JetBrains\IntelliJ IDEA 2021.2.1\bin;;C:\Users\HP\AppData\Roaming\npm;C:\Program Files\heroku\bin;."/>
    <property name="java.vm.info" value="mixed mode, sharing"/>
    <property name="java.vendor" value="Oracle Corporation"/>
    <property name="java.vm.version" value="16.0.2+7-67"/>
    <property name="sun.io.unicode.encoding" value="UnicodeLittle"/>
    <property name="java.class.version" value="60.0"/>
  </properties>
  <testcase name="add a measurement when a user exists for it, returns a 201 response" classname="org.wit.controllers.MeasurementTrackerAPITest$CreateMeasurements" time="0.429">
    <error type="java.lang.ExceptionInInitializerError">java.lang.ExceptionInInitializerError
	at org.wit.controllers.MeasurementTrackerAPITest$CreateMeasurements.add a measurement when a user exists for it, returns a 201 response(MeasurementTrackerAPITest.kt:26)
Caused by: java.lang.RuntimeException: Port already in use. Make sure no other process is using port 7000 and try again.
	at org.wit.controllers.MeasurementTrackerAPITest$CreateMeasurements.add a measurement when a user exists for it, returns a 201 response(MeasurementTrackerAPITest.kt:26)
Caused by: java.io.IOException: Failed to bind to 0.0.0.0/0.0.0.0:7000
	at org.wit.controllers.MeasurementTrackerAPITest$CreateMeasurements.add a measurement when a user exists for it, returns a 201 response(MeasurementTrackerAPITest.kt:26)
Caused by: java.net.BindException: Address already in use: bind
	at org.wit.controllers.MeasurementTrackerAPITest$CreateMeasurements.add a measurement when a user exists for it, returns a 201 response(MeasurementTrackerAPITest.kt:26)
</error>
    <system-err><![CDATA[[main] INFO org.wit.config.DbConfig - Starting DB Connection...
[main] INFO org.wit.config.DbConfig - DbConfig name = d75u9glj5k4v13
[main] INFO org.wit.config.DbConfig - DbConfig url = jdbc:postgresql://ec2-54-172-169-87.compute-1.amazonaws.com:5432/d75u9glj5k4v13?sslmode=require
[main] INFO org.eclipse.jetty.util.log - Logging initialized @2718ms to org.eclipse.jetty.util.log.Slf4jLog
[main] INFO io.javalin.Javalin - 
           __                      __ _
          / /____ _ _   __ ____ _ / /(_)____
     __  / // __ `/| | / // __ `// // // __ \
    / /_/ // /_/ / | |/ // /_/ // // // / / /
    \____/ \__,_/  |___/ \__,_//_//_//_/ /_/

        https://javalin.io/documentation

[main] INFO io.javalin.Javalin - Starting Javalin ...
[main] ERROR io.javalin.Javalin - Failed to start Javalin
[main] INFO io.javalin.Javalin - Stopping Javalin ...
[main] INFO io.javalin.Javalin - Javalin has stopped
]]></system-err>
  </testcase>
  <testcase name="add a measurement when no user exists for it, returns a 404 response" classname="org.wit.controllers.MeasurementTrackerAPITest$CreateMeasurements" time="0.016">
    <error message="Could not initialize class org.wit.helpers.FixturesKt" type="java.lang.NoClassDefFoundError">java.lang.NoClassDefFoundError: Could not initialize class org.wit.helpers.FixturesKt
	at org.wit.controllers.MeasurementTrackerAPITest$CreateMeasurements.add a measurement when no user exists for it, returns a 404 response(MeasurementTrackerAPITest.kt:43)
</error>
  </testcase>
  <testcase name="get measurement by measurement id when measurement exists returns 200 response" classname="org.wit.controllers.MeasurementTrackerAPITest$ReadMeasurements" time="0">
    <error message="Could not initialize class org.wit.helpers.FixturesKt" type="java.lang.NoClassDefFoundError">java.lang.NoClassDefFoundError: Could not initialize class org.wit.helpers.FixturesKt
	at org.wit.controllers.MeasurementTrackerAPITest$ReadMeasurements.get measurement by measurement id when measurement exists returns 200 response(MeasurementTrackerAPITest.kt:130)
</error>
  </testcase>
  <testcase name="get all measurements by user id when user and measurements exists returns 200 response" classname="org.wit.controllers.MeasurementTrackerAPITest$ReadMeasurements" time="0">
    <error message="Could not initialize class org.wit.helpers.FixturesKt" type="java.lang.NoClassDefFoundError">java.lang.NoClassDefFoundError: Could not initialize class org.wit.helpers.FixturesKt
	at org.wit.controllers.MeasurementTrackerAPITest$ReadMeasurements.get all measurements by user id when user and measurements exists returns 200 response(MeasurementTrackerAPITest.kt:73)
</error>
  </testcase>
  <testcase name="get measurement by measurement id when no measurement exists returns 404 response" classname="org.wit.controllers.MeasurementTrackerAPITest$ReadMeasurements" time="0.016">
    <error message="Could not initialize class org.wit.helpers.FixturesKt" type="java.lang.NoClassDefFoundError">java.lang.NoClassDefFoundError: Could not initialize class org.wit.helpers.FixturesKt
	at org.wit.controllers.MeasurementTrackerAPITest$ReadMeasurements.get measurement by measurement id when no measurement exists returns 404 response(MeasurementTrackerAPITest.kt:122)
</error>
  </testcase>
  <testcase name="get all measurements by user id when no measurements exist returns 404 response" classname="org.wit.controllers.MeasurementTrackerAPITest$ReadMeasurements" time="0">
    <error message="Could not initialize class org.wit.helpers.FixturesKt" type="java.lang.NoClassDefFoundError">java.lang.NoClassDefFoundError: Could not initialize class org.wit.helpers.FixturesKt
	at org.wit.controllers.MeasurementTrackerAPITest$ReadMeasurements.get all measurements by user id when no measurements exist returns 404 response(MeasurementTrackerAPITest.kt:97)
</error>
  </testcase>
  <testcase name="get all measurements by user id when no user exists returns 404 response" classname="org.wit.controllers.MeasurementTrackerAPITest$ReadMeasurements" time="0">
    <error message="Could not initialize class org.wit.helpers.FixturesKt" type="java.lang.NoClassDefFoundError">java.lang.NoClassDefFoundError: Could not initialize class org.wit.helpers.FixturesKt
	at org.wit.controllers.MeasurementTrackerAPITest$ReadMeasurements.get all measurements by user id when no user exists returns 404 response(MeasurementTrackerAPITest.kt:113)
</error>
  </testcase>
  <testcase name="get all measurements from the database returns 200 or 404 response" classname="org.wit.controllers.MeasurementTrackerAPITest$ReadMeasurements" time="0">
    <error message="Could not initialize class org.wit.helpers.FixturesKt" type="java.lang.NoClassDefFoundError">java.lang.NoClassDefFoundError: Could not initialize class org.wit.helpers.FixturesKt
	at org.wit.controllers.MeasurementTrackerAPITest$ReadMeasurements.get all measurements from the database returns 200 or 404 response(MeasurementTrackerAPITest.kt:60)
</error>
  </testcase>
  <testcase name="updating an measurement by measurement id when it exists, returns 204 response" classname="org.wit.controllers.MeasurementTrackerAPITest$UpdateMeasurements" time="0">
    <error message="Could not initialize class org.wit.helpers.FixturesKt" type="java.lang.NoClassDefFoundError">java.lang.NoClassDefFoundError: Could not initialize class org.wit.helpers.FixturesKt
	at org.wit.controllers.MeasurementTrackerAPITest$UpdateMeasurements.updating an measurement by measurement id when it exists, returns 204 response(MeasurementTrackerAPITest.kt:172)
</error>
  </testcase>
  <testcase name="updating an measurement by measurement id when it doesn&apos;t exist, returns a 404 response" classname="org.wit.controllers.MeasurementTrackerAPITest$UpdateMeasurements" time="0">
    <error message="Could not initialize class org.wit.helpers.FixturesKt" type="java.lang.NoClassDefFoundError">java.lang.NoClassDefFoundError: Could not initialize class org.wit.helpers.FixturesKt
	at org.wit.controllers.MeasurementTrackerAPITest$UpdateMeasurements.updating an measurement by measurement id when it doesn't exist, returns a 404 response(MeasurementTrackerAPITest.kt:157)
</error>
  </testcase>
  <testcase name="deleting an measurement by id when it exists, returns a 204 response" classname="org.wit.controllers.MeasurementTrackerAPITest$DeleteMeasurements" time="0.015">
    <error message="Could not initialize class org.wit.helpers.FixturesKt" type="java.lang.NoClassDefFoundError">java.lang.NoClassDefFoundError: Could not initialize class org.wit.helpers.FixturesKt
	at org.wit.controllers.MeasurementTrackerAPITest$DeleteMeasurements.deleting an measurement by id when it exists, returns a 204 response(MeasurementTrackerAPITest.kt:218)
</error>
  </testcase>
  <testcase name="deleting all measurements by userid when it exists, returns a 204 response" classname="org.wit.controllers.MeasurementTrackerAPITest$DeleteMeasurements" time="0">
    <error message="Could not initialize class org.wit.helpers.FixturesKt" type="java.lang.NoClassDefFoundError">java.lang.NoClassDefFoundError: Could not initialize class org.wit.helpers.FixturesKt
	at org.wit.controllers.MeasurementTrackerAPITest$DeleteMeasurements.deleting all measurements by userid when it exists, returns a 204 response(MeasurementTrackerAPITest.kt:236)
</error>
  </testcase>
  <testcase name="deleting an measurement by measurement id when it doesn&apos;t exist, returns a 404 response" classname="org.wit.controllers.MeasurementTrackerAPITest$DeleteMeasurements" time="0">
    <error message="Could not initialize class org.wit.helpers.FixturesKt" type="java.lang.NoClassDefFoundError">java.lang.NoClassDefFoundError: Could not initialize class org.wit.helpers.FixturesKt
	at org.wit.controllers.MeasurementTrackerAPITest$DeleteMeasurements.deleting an measurement by measurement id when it doesn't exist, returns a 404 response(MeasurementTrackerAPITest.kt:205)
</error>
  </testcase>
  <testcase name="deleting measurements by user id when it doesn&apos;t exist, returns a 404 response" classname="org.wit.controllers.MeasurementTrackerAPITest$DeleteMeasurements" time="0">
    <error message="Could not initialize class org.wit.helpers.FixturesKt" type="java.lang.NoClassDefFoundError">java.lang.NoClassDefFoundError: Could not initialize class org.wit.helpers.FixturesKt
	at org.wit.controllers.MeasurementTrackerAPITest$DeleteMeasurements.deleting measurements by user id when it doesn't exist, returns a 404 response(MeasurementTrackerAPITest.kt:211)
</error>
  </testcase>
</testsuite>